<?xml version="1.0" encoding="UTF-8"?>
<testng-results ignored="0" total="1" passed="1" failed="0" skipped="0">
  <reporter-output>
  </reporter-output>
  <suite started-at="2026-05-08T19:54:47 IST" name="Suite" finished-at="2026-05-08T19:54:50 IST" duration-ms="3085">
    <groups>
    </groups>
    <test started-at="2026-05-08T19:54:47 IST" name="Test" finished-at="2026-05-08T19:54:50 IST" duration-ms="3085">
      <class name="Base.ValidTest">
        <test-method is-config="true" signature="Report()[pri:0, instance:Base.ValidTest@4f74980d]" started-at="2026-05-08T19:54:47 IST" name="Report" finished-at="2026-05-08T19:54:47 IST" duration-ms="189" status="PASS">
          <reporter-output>
          </reporter-output>
        </test-method> <!-- Report -->
        <test-method is-config="true" signature="Setup()[pri:0, instance:Base.ValidTest@4f74980d]" started-at="2026-05-08T19:54:47 IST" name="Setup" finished-at="2026-05-08T19:54:49 IST" duration-ms="1670" status="PASS">
          <reporter-output>
          </reporter-output>
        </test-method> <!-- Setup -->
        <test-method signature="Test_01()[pri:0, instance:Base.ValidTest@4f74980d]" started-at="2026-05-08T19:54:49 IST" name="Test_01" finished-at="2026-05-08T19:54:50 IST" duration-ms="1382" status="PASS">
          <reporter-output>
          </reporter-output>
        </test-method> <!-- Test_01 -->
        <test-method is-config="true" signature="close()[pri:0, instance:Base.ValidTest@4f74980d]" started-at="2026-05-08T19:54:50 IST" name="close" finished-at="2026-05-08T19:54:50 IST" duration-ms="1" status="PASS">
          <reporter-output>
          </reporter-output>
        </test-method> <!-- close -->
        <test-method is-config="true" signature="compl_report()[pri:0, instance:Base.ValidTest@4f74980d]" started-at="2026-05-08T19:54:50 IST" name="compl_report" finished-at="2026-05-08T19:54:51 IST" duration-ms="748" status="PASS">
          <reporter-output>
          </reporter-output>
        </test-method> <!-- compl_report -->
      </class> <!-- Base.ValidTest -->
    </test> <!-- Test -->
  </suite> <!-- Suite -->
</testng-results>
